#
# A fatal error has been detected by the Java Runtime Environment:
#
#  EXCEPTION_ACCESS_VIOLATION (0xc0000005) at pc=0x0000000078c39e6b, pid=17628, tid=18636
#
# JRE version: 6.0_17-b04
# Java VM: Java HotSpot(TM) 64-Bit Server VM (14.3-b01 mixed mode windows-amd64 )
# Problematic frame:
# V  [jvm.dll+0x3c9e6b]
#
# If you would like to submit a bug report, please visit:
#   http://java.sun.com/webapps/bugreport/crash.jsp
#

---------------  T H R E A D  ---------------

Current thread (0x0000000005ebb000):  GCTaskThread [stack: 0x0000000084050000,0x0000000088050000] [id=18636]

siginfo: ExceptionCode=0xc0000005, reading address 0xffffffffffffffff

Registers:
EAX=0x0000000000000001, EBX=0x0000000038fc8b50, ECX=0x0000000005eb2c70, EDX=0x0000000040535d80
ESP=0x000000008804fa90, EBP=0x0000000000000006, ESI=0x0000000005eb2c70, EDI=0x0000000040535d80
EIP=0x0000000078c39e6b, EFLAGS=0x0000000000010246

Top of Stack: (sp=0x000000008804fa90)
0x000000008804fa90:   0000000038fc8b90 0000000000000005
0x000000008804faa0:   0000000005eb2c70 0000000040535d58
0x000000008804fab0:   0000000038fc86b8 0000000078a526f2
0x000000008804fac0:   0000000038fc86b8 0000000000000400
0x000000008804fad0:   0000000000000000 0000000005ebb501
0x000000008804fae0:   000000005e21fe70 0000000005eb2c70
0x000000008804faf0:   0000000000001542 000000000000153b
0x000000008804fb00:   0000000000000006 0000000078c3b371
0x000000008804fb10:   000000003f0bfe42 0000000078c3da03
0x000000008804fb20:   000000003f0bfe01 0000000038fc8b50
0x000000008804fb30:   0000000005ebb801 00000000e540153b
0x000000008804fb40:   000000005e21fe70 0000000038fc8b50
0x000000008804fb50:   00000000e541153b 0000000005eb2c70
0x000000008804fb60:   00000000e540153b 0000000078c3ab61
0x000000008804fb70:   00000000bbc3203f 0000000005ebb8e8
0x000000008804fb80:   0000000005ebb510 000000005e21fe70 

Instructions: (pc=0x0000000078c39e6b)
0x0000000078c39e5b:   8b 05 77 e0 22 00 4c 8d 04 d0 eb 04 4c 8b 42 08
0x0000000078c39e6b:   49 63 48 18 8b c1 c1 f8 03 85 c9 7f 48 85 c9 79 


Stack: [0x0000000084050000,0x0000000088050000],  sp=0x000000008804fa90,  free space=65534k
Native frames: (J=compiled Java code, j=interpreted, Vv=VM code, C=native code)
V  [jvm.dll+0x3c9e6b]


---------------  P R O C E S S  ---------------

Java Threads: ( => current thread )
  0x000000000f229800 JavaThread "Timer-198481" [_thread_blocked, id=32704, stack(0x0000000025840000,0x00000000258c0000)]
  0x000000000f21d800 JavaThread "Code Analyzer updating thread" [_thread_blocked, id=18904, stack(0x00000000256b0000,0x0000000025730000)]
  0x000000000f226000 JavaThread "AddressBar directory emptiness poller" [_thread_blocked, id=18924, stack(0x00000000268e0000,0x0000000026960000)]
  0x000000000f224800 JavaThread "Timer queue for AWT thread" daemon [_thread_blocked, id=12420, stack(0x00000000253d0000,0x0000000025450000)]
  0x000000000f21a800 JavaThread "Code Analyzer updating thread" [_thread_blocked, id=18412, stack(0x0000000025550000,0x00000000255d0000)]
  0x000000000f225800 JavaThread "Prefs Updater" daemon [_thread_blocked, id=19440, stack(0x0000000025450000,0x00000000254d0000)]
  0x000000000f223000 JavaThread "Code Analyzer updating thread" [_thread_blocked, id=18872, stack(0x0000000052740000,0x00000000527c0000)]
  0x000000000f21e000 JavaThread "Code Analyzer updating thread" [_thread_blocked, id=12088, stack(0x0000000055a40000,0x0000000055ac0000)]
  0x000000000f222800 JavaThread "Code Analyzer updating thread" [_thread_blocked, id=19116, stack(0x0000000055d60000,0x0000000055de0000)]
  0x000000000f222000 JavaThread "Active Reference Queue Daemon" daemon [_thread_blocked, id=19324, stack(0x0000000055ad0000,0x0000000055b50000)]
  0x000000000f221000 JavaThread "Timer-8" daemon [_thread_blocked, id=17976, stack(0x0000000050bd0000,0x0000000050c50000)]
  0x000000000f220800 JavaThread "Timer-7" daemon [_thread_blocked, id=18224, stack(0x0000000055bf0000,0x0000000055c70000)]
  0x000000000f21f000 JavaThread "Explorer NavigationContext request queue" [_thread_blocked, id=18848, stack(0x000000004ca70000,0x000000004caf0000)]
  0x000000000f21c800 JavaThread "AddressBar directory emptiness poller" [_thread_blocked, id=19252, stack(0x00000000524d0000,0x0000000052550000)]
  0x000000000f21b800 JavaThread "Timer-1" [_thread_blocked, id=18684, stack(0x0000000052580000,0x0000000052600000)]
  0x0000000051e3a800 JavaThread "TimerQueue" daemon [_thread_blocked, id=17132, stack(0x000000000dd90000,0x000000000de10000)]
  0x0000000051cde000 JavaThread "AWT-EventQueue-0" [_thread_blocked, id=12504, stack(0x0000000044770000,0x00000000447f0000)]
  0x0000000051d8e800 JavaThread "AWT-Shutdown" [_thread_blocked, id=16996, stack(0x0000000018f90000,0x0000000019010000)]
  0x00000000519df000 JavaThread "FelixPackageAdmin" daemon [_thread_blocked, id=13292, stack(0x0000000025130000,0x00000000251b0000)]
  0x000000000f161000 JavaThread "FelixStartLevel" daemon [_thread_blocked, id=18908, stack(0x0000000009230000,0x00000000092b0000)]
  0x0000000051cab000 JavaThread "FelixDispatchQueue" daemon [_thread_blocked, id=18868, stack(0x000000000fcf0000,0x000000000fd70000)]
  0x000000000f0c9800 JavaThread "com.google.common.base.internal.Finalizer" daemon [_thread_blocked, id=19044, stack(0x000000000fe20000,0x000000000fea0000)]
  0x00000000519d1000 JavaThread "AWT-Windows" daemon [_thread_in_native, id=19012, stack(0x0000000018ef0000,0x0000000018f70000)]
  0x000000000f0c9000 JavaThread "Java2D Disposer" daemon [_thread_blocked, id=19040, stack(0x000000000fd80000,0x000000000fe00000)]
  0x000000005167a800 JavaThread "Timer-0" [_thread_blocked, id=19260, stack(0x000000000db20000,0x000000000dba0000)]
  0x0000000051546000 JavaThread "EventMgr Dispatcher" daemon [_thread_in_native, id=19084, stack(0x0000000010e50000,0x0000000014e50000)]
  0x000000000d94b800 JavaThread "Low Memory Detector" daemon [_thread_blocked, id=14900, stack(0x0000000009090000,0x0000000009110000)]
  0x000000000d945000 JavaThread "CompilerThread1" daemon [_thread_blocked, id=17828, stack(0x0000000094480000,0x0000000098480000)]
  0x000000000d93f000 JavaThread "CompilerThread0" daemon [_thread_blocked, id=17524, stack(0x00000000902b0000,0x00000000942b0000)]
  0x000000000d93e000 JavaThread "Attach Listener" daemon [_thread_blocked, id=18524, stack(0x000000000da60000,0x000000000dae0000)]
  0x000000000d8e6000 JavaThread "Finalizer" daemon [_thread_blocked, id=18516, stack(0x000000000d9d0000,0x000000000da50000)]
  0x000000000d8da000 JavaThread "Reference Handler" daemon [_thread_blocked, id=18480, stack(0x00000000091b0000,0x0000000009230000)]
  0x0000000005ea3800 JavaThread "main" [_thread_in_native, id=1608, stack(0x0000000000140000,0x0000000004140000)]

Other Threads:
  0x000000000d8d4800 VMThread [stack: 0x000000008c280000,0x0000000090280000] [id=17420]
  0x000000000d971000 WatcherThread [stack: 0x00000000984f0000,0x000000009c4f0000] [id=15712]

=>0x0000000005ebb000 (exited) GCTaskThread [stack: 0x0000000084050000,0x0000000088050000] [id=18636]

VM state:at safepoint (normal execution)

VM Mutex/Monitor currently owned by a thread:  ([mutex/lock_event])
[0x0000000005e2e180] Threads_lock - owner thread: 0x000000000d8d4800
[0x0000000005e2e680] Heap_lock - owner thread: 0x000000000f229800

Heap
 PSYoungGen      total 48000K, used 48000K [0x000000003d530000, 0x0000000040590000, 0x0000000040630000)
  eden space 47488K, 100% used [0x000000003d530000,0x0000000040390000,0x0000000040390000)
  from space 512K, 100% used [0x00000000404d0000,0x0000000040550000,0x0000000040550000)
  to   space 256K, 81% used [0x0000000040550000,0x0000000040584018,0x0000000040590000)
 PSOldGen        total 97984K, used 79484K [0x0000000034230000, 0x000000003a1e0000, 0x000000003d530000)
  object space 97984K, 81% used [0x0000000034230000,0x0000000038fcf198,0x000000003a1e0000)
 PSPermGen       total 66560K, used 66287K [0x000000002c230000, 0x0000000030330000, 0x0000000034230000)
  object space 66560K, 99% used [0x000000002c230000,0x00000000302ebc38,0x0000000030330000)

Dynamic libraries:
0x000000013f9f0000 - 0x000000013fa22000 	C:\Program Files\MATLAB\R2012a\bin\win64\MATLAB.exe
0x0000000077410000 - 0x00000000775b9000 	C:\Windows\SYSTEM32\ntdll.dll
0x00000000770e0000 - 0x00000000771ff000 	C:\Windows\system32\kernel32.dll
0x000007fefd980000 - 0x000007fefd9ec000 	C:\Windows\system32\KERNELBASE.dll
0x0000000071c70000 - 0x0000000071cba000 	C:\Program Files\AVAST Software\Avast\snxhk64.dll
0x0000000074460000 - 0x0000000074554000 	C:\Program Files\MATLAB\R2012a\bin\win64\libut.dll
0x00000000758a0000 - 0x0000000075952000 	C:\Program Files\MATLAB\R2012a\bin\win64\libmwi18n.dll
0x0000000180000000 - 0x000000018000b000 	C:\Program Files\MATLAB\R2012a\bin\win64\libmwresource_core.dll
0x0000000072070000 - 0x0000000072143000 	C:\Windows\WinSxS\amd64_microsoft.vc90.crt_1fc8b3b9a1e18e3b_9.0.30729.6161_none_08e61857a83bc251\MSVCP90.dll
0x000000006d520000 - 0x000000006d5c3000 	C:\Windows\WinSxS\amd64_microsoft.vc90.crt_1fc8b3b9a1e18e3b_9.0.30729.6161_none_08e61857a83bc251\MSVCR90.dll
0x000000007a170000 - 0x000000007a19c000 	C:\Program Files\MATLAB\R2012a\bin\win64\boost_filesystem-vc90-mt-1_44.dll
0x000000007a560000 - 0x000000007a569000 	C:\Program Files\MATLAB\R2012a\bin\win64\boost_system-vc90-mt-1_44.dll
0x000007feff5e0000 - 0x000007feff6bb000 	C:\Windows\system32\ADVAPI32.dll
0x000007fefdc60000 - 0x000007fefdcff000 	C:\Windows\system32\msvcrt.dll
0x000007fefdc40000 - 0x000007fefdc5f000 	C:\Windows\SYSTEM32\sechost.dll
0x000007feff0c0000 - 0x000007feff1ed000 	C:\Windows\system32\RPCRT4.dll
0x000000007a010000 - 0x000000007a035000 	C:\Program Files\MATLAB\R2012a\bin\win64\LIBEXPAT.dll
0x0000000057f90000 - 0x0000000058181000 	C:\Program Files\MATLAB\R2012a\bin\win64\icuin44.dll
0x0000000057e10000 - 0x0000000057f81000 	C:\Program Files\MATLAB\R2012a\bin\win64\icuuc44.dll
0x0000000010000000 - 0x0000000010e41000 	C:\Program Files\MATLAB\R2012a\bin\win64\icudt44.dll
0x0000000073f70000 - 0x00000000740ad000 	C:\Program Files\MATLAB\R2012a\bin\win64\libmwfl.dll
0x00000000043a0000 - 0x0000000004696000 	C:\Program Files\MATLAB\R2012a\bin\win64\libmwMATLAB_res.dll
0x000000007a3b0000 - 0x000000007a3c0000 	C:\Program Files\MATLAB\R2012a\bin\win64\boost_date_time-vc90-mt-1_44.dll
0x000000007a250000 - 0x000000007a263000 	C:\Program Files\MATLAB\R2012a\bin\win64\boost_signals-vc90-mt-1_44.dll
0x000000007a2d0000 - 0x000000007a2e2000 	C:\Program Files\MATLAB\R2012a\bin\win64\boost_thread-vc90-mt-1_44.dll
0x00000000041b0000 - 0x00000000041f6000 	C:\Program Files\MATLAB\R2012a\bin\win64\tbb.dll
0x000007fefef10000 - 0x000007fefef29000 	C:\Windows\system32\imagehlp.dll
0x00000000775e0000 - 0x00000000775e7000 	C:\Windows\system32\PSAPI.DLL
0x00000000662e0000 - 0x00000000662f3000 	C:\Program Files\MATLAB\R2012a\bin\win64\icuio44.dll
0x000007fef6790000 - 0x000007fef68b5000 	C:\Windows\system32\dbghelp.dll
0x0000000076d30000 - 0x0000000076e2a000 	C:\Windows\system32\USER32.dll
0x000007fefee50000 - 0x000007fefeeb7000 	C:\Windows\system32\GDI32.dll
0x000007fefeac0000 - 0x000007fefeace000 	C:\Windows\system32\LPK.dll
0x000007fefeb50000 - 0x000007fefec19000 	C:\Windows\system32\USP10.dll
0x000000007bed0000 - 0x000000007c183000 	C:\Program Files\MATLAB\R2012a\bin\win64\libmwservices.dll
0x0000000075a20000 - 0x0000000075ae2000 	C:\Program Files\MATLAB\R2012a\bin\win64\libmx.dll
0x000000007a210000 - 0x000000007a228000 	C:\Program Files\MATLAB\R2012a\bin\win64\zlib1.dll
0x0000000004250000 - 0x0000000004271000 	C:\Program Files\MATLAB\R2012a\bin\win64\libmwmfl_scalar.dll
0x0000000075f10000 - 0x0000000075f5d000 	C:\Program Files\MATLAB\R2012a\bin\win64\mpath.dll
0x000000007b680000 - 0x000000007bbe1000 	C:\Program Files\MATLAB\R2012a\bin\win64\mlutil.dll
0x000000005a1f0000 - 0x000000005a26f000 	C:\Program Files\MATLAB\R2012a\bin\win64\xmlcore.dll
0x000000007bc30000 - 0x000000007be83000 	C:\Program Files\MATLAB\R2012a\bin\win64\xerces-c_2_7.dll
0x000007fefeec0000 - 0x000007fefef0d000 	C:\Windows\system32\WS2_32.dll
0x000007fefee40000 - 0x000007fefee48000 	C:\Windows\system32\NSI.dll
0x00000000046d0000 - 0x00000000046ea000 	C:\Program Files\MATLAB\R2012a\bin\win64\libmwMATLAB_settings_res.dll
0x0000000004700000 - 0x0000000004747000 	C:\Program Files\MATLAB\R2012a\bin\win64\boost_serialization-vc90-mt-1_44.dll
0x000007fefdd30000 - 0x000007fefeab8000 	C:\Windows\system32\SHELL32.dll
0x000007feff040000 - 0x000007feff0b1000 	C:\Windows\system32\SHLWAPI.dll
0x000007fef7440000 - 0x000007fef74e0000 	C:\Windows\WinSxS\amd64_microsoft.windows.common-controls_6595b64144ccf1df_5.82.7601.17514_none_a4d6a923711520a9\COMCTL32.dll
0x000007fefeda0000 - 0x000007fefee37000 	C:\Windows\system32\COMDLG32.dll
0x000007fefae70000 - 0x000007fefae86000 	C:\Windows\system32\NETAPI32.dll
0x000007fefae60000 - 0x000007fefae6c000 	C:\Windows\system32\netutils.dll
0x000007fefd310000 - 0x000007fefd333000 	C:\Windows\system32\srvcli.dll
0x000007fefae40000 - 0x000007fefae55000 	C:\Windows\system32\wkscli.dll
0x000007feff1f0000 - 0x000007feff3f3000 	C:\Windows\system32\ole32.dll
0x000007fefec20000 - 0x000007fefecf7000 	C:\Windows\system32\OLEAUT32.dll
0x0000000074970000 - 0x0000000074b06000 	C:\Program Files\MATLAB\R2012a\bin\win64\mcr.dll
0x0000000075000000 - 0x000000007536b000 	C:\Program Files\MATLAB\R2012a\bin\win64\iqm.dll
0x00000000575e0000 - 0x0000000057e01000 	C:\Program Files\MATLAB\R2012a\bin\win64\m_interpreter.dll
0x000000005e8a0000 - 0x000000005e8c5000 	C:\Program Files\MATLAB\R2012a\bin\win64\libmex.dll
0x0000000057520000 - 0x00000000575d3000 	C:\Program Files\MATLAB\R2012a\bin\win64\m_dispatcher.dll
0x0000000074880000 - 0x000000007496d000 	C:\Program Files\MATLAB\R2012a\bin\win64\boost_regex-vc90-mt-1_44.dll
0x0000000057490000 - 0x0000000057514000 	C:\Program Files\MATLAB\R2012a\bin\win64\profiler.dll
0x00000000047d0000 - 0x0000000004a25000 	C:\Program Files\MATLAB\R2012a\bin\win64\libmwmathutil.dll
0x0000000079f40000 - 0x0000000079f6d000 	C:\Program Files\MATLAB\R2012a\bin\win64\libmwmathrng.dll
0x0000000074c10000 - 0x0000000074ced000 	C:\Program Files\MATLAB\R2012a\bin\win64\libmwmathcore.dll
0x0000000076160000 - 0x00000000761cb000 	C:\Program Files\MATLAB\R2012a\bin\win64\libmwspmatrix.dll
0x0000000075ea0000 - 0x0000000075f02000 	C:\Program Files\MATLAB\R2012a\bin\win64\libmwcholmod.dll
0x000000007a460000 - 0x000000007a46d000 	C:\Program Files\MATLAB\R2012a\bin\win64\libmwamd.dll
0x000000007a4b0000 - 0x000000007a4bc000 	C:\Program Files\MATLAB\R2012a\bin\win64\libmwcolamd.dll
0x0000000063e60000 - 0x0000000063e79000 	C:\Program Files\MATLAB\R2012a\bin\win64\libmwblas.dll
0x0000000063160000 - 0x0000000063172000 	C:\Program Files\MATLAB\R2012a\bin\win64\libmwbinder.dll
0x0000000073c60000 - 0x0000000073c6b000 	C:\Program Files\MATLAB\R2012a\bin\win64\libmwompwrapper.dll
0x0000000057400000 - 0x0000000057486000 	C:\Program Files\MATLAB\R2012a\bin\win64\libmwlapack.dll
0x000000005c6f0000 - 0x000000005c711000 	C:\Program Files\MATLAB\R2012a\bin\win64\m_pcodeio.dll
0x0000000079b10000 - 0x0000000079b77000 	C:\Program Files\MATLAB\R2012a\bin\win64\m_ir.dll
0x0000000050e20000 - 0x0000000051470000 	C:\Program Files\MATLAB\R2012a\bin\win64\m_parser.dll
0x0000000061df0000 - 0x0000000061e0a000 	C:\Program Files\MATLAB\R2012a\bin\win64\ir_xfmr.dll
0x0000000056440000 - 0x00000000566b9000 	C:\Program Files\MATLAB\R2012a\bin\win64\mcos.dll
0x000000006de90000 - 0x000000006de9c000 	C:\Program Files\MATLAB\R2012a\bin\win64\mtok.dll
0x000000005c5d0000 - 0x000000005c601000 	C:\Program Files\MATLAB\R2012a\bin\win64\m_pcodegen.dll
0x0000000079fb0000 - 0x0000000079fe7000 	C:\Program Files\MATLAB\R2012a\bin\win64\libmwbridge.dll
0x0000000057330000 - 0x00000000573f8000 	C:\Program Files\MATLAB\R2012a\bin\win64\udd.dll
0x00000000562e0000 - 0x0000000056432000 	C:\Program Files\MATLAB\R2012a\bin\win64\libmwgui.dll
0x000000005e880000 - 0x000000005e897000 	C:\Program Files\MATLAB\R2012a\bin\win64\graphics_util.dll
0x0000000004b90000 - 0x0000000005533000 	C:\Program Files\MATLAB\R2012a\bin\win64\hg.dll
0x0000000005550000 - 0x00000000055b7000 	C:\Program Files\MATLAB\R2012a\bin\win64\libmat.dll
0x0000000072d30000 - 0x0000000072f44000 	C:\Program Files\MATLAB\R2012a\bin\win64\hdf5dll.dll
0x0000000075710000 - 0x00000000757c1000 	C:\Program Files\MATLAB\R2012a\bin\win64\jmi.dll
0x00000000055f0000 - 0x00000000055fe000 	C:\Program Files\MATLAB\R2012a\bin\win64\nativejava_services.dll
0x000000005be60000 - 0x000000005bea2000 	C:\Program Files\MATLAB\R2012a\bin\win64\libmwhardcopy.dll
0x000000005bdc0000 - 0x000000005be1a000 	C:\Program Files\MATLAB\R2012a\bin\win64\libuij.dll
0x0000000053c70000 - 0x0000000053e7c000 	C:\Program Files\MATLAB\R2012a\bin\win64\hgdatatypes.dll
0x0000000057120000 - 0x000000005721d000 	C:\Program Files\MATLAB\R2012a\bin\win64\hgutils.dll
0x0000000056090000 - 0x000000005614d000 	C:\Program Files\MATLAB\R2012a\bin\win64\udd_mi.dll
0x0000000005660000 - 0x000000000569b000 	C:\Program Files\MATLAB\R2012a\bin\win64\libmwgbtutils.dll
0x00000000056b0000 - 0x00000000056c9000 	C:\Program Files\MATLAB\R2012a\bin\win64\libmwgbt.dll
0x00000000056e0000 - 0x00000000059aa000 	C:\Program Files\MATLAB\R2012a\bin\win64\uiw.dll
0x0000000065fd0000 - 0x0000000065fdf000 	C:\Program Files\MATLAB\R2012a\bin\win64\uinone.dll
0x000007fef7b00000 - 0x000007fef7b18000 	C:\Windows\system32\MPR.dll
0x0000000077aa0000 - 0x0000000077f84000 	C:\Windows\WinSxS\amd64_microsoft.vc90.mfc_1fc8b3b9a1e18e3b_9.0.30729.6161_none_044aad0bab1eb146\mfc90.dll
0x000007fefa800000 - 0x000007fefa807000 	C:\Windows\system32\MSIMG32.dll
0x000007fef72d0000 - 0x000007fef7341000 	C:\Windows\system32\WINSPOOL.DRV
0x000000005c6d0000 - 0x000000005c6f0000 	C:\Program Files\MATLAB\R2012a\bin\win64\mwoles05.DLL
0x0000000059fd0000 - 0x000000005a04c000 	C:\Program Files\MATLAB\R2012a\bin\win64\comcli.dll
0x00000000721c0000 - 0x00000000721ef000 	C:\Windows\WinSxS\amd64_microsoft.vc90.atl_1fc8b3b9a1e18e3b_9.0.30729.6161_none_0a1fd3a3a768b895\ATL90.DLL
0x0000000061f30000 - 0x0000000061f3c000 	C:\Program Files\MATLAB\R2012a\bin\win64\mlautoregister.dll
0x0000000005a00000 - 0x0000000005a10000 	C:\Program Files\MATLAB\R2012a\bin\win64\boost_iostreams-vc90-mt-1_44.dll
0x000007fefdd00000 - 0x000007fefdd2e000 	C:\Windows\system32\IMM32.DLL
0x000007fefef30000 - 0x000007feff039000 	C:\Windows\system32\MSCTF.dll
0x000007fefbf80000 - 0x000007fefbfd6000 	C:\Windows\system32\UxTheme.dll
0x000007fefbba0000 - 0x000007fefbbb8000 	C:\Windows\system32\dwmapi.dll
0x0000000005ba0000 - 0x0000000005bc9000 	C:\Program Files\MATLAB\R2012a\bin\win64\tbbmalloc.dll
0x0000000078870000 - 0x0000000078ecd000 	C:\Program Files\MATLAB\R2012a\sys\java\jre\win64\jre\bin\server\jvm.dll
0x000007fefb570000 - 0x000007fefb5ab000 	C:\Windows\system32\WINMM.dll
0x000007fefd870000 - 0x000007fefd87f000 	C:\Windows\system32\profapi.dll
0x000007fefb3b0000 - 0x000007fefb3d7000 	C:\Windows\system32\iphlpapi.dll
0x000007fefb3a0000 - 0x000007fefb3ab000 	C:\Windows\system32\WINNSI.DLL
0x000007fefcf20000 - 0x000007fefcf7b000 	C:\Windows\system32\DNSAPI.dll
0x000007fefb050000 - 0x000007fefb061000 	C:\Windows\system32\dhcpcsvc6.DLL
0x000007fefb030000 - 0x000007fefb048000 	C:\Windows\system32\dhcpcsvc.DLL
0x0000000061ed0000 - 0x0000000061ed3000 	C:\Windows\system32\icmp.Dll
0x000007fefd760000 - 0x000007fefd76f000 	C:\Windows\system32\CRYPTBASE.dll
0x000007fefd940000 - 0x000007fefd976000 	C:\Windows\system32\CFGMGR32.dll
0x000007fefed00000 - 0x000007fefed99000 	C:\Windows\system32\CLBCatQ.DLL
0x000000007a440000 - 0x000000007a44e000 	C:\Program Files\MATLAB\R2012a\sys\java\jre\win64\jre\bin\verify.dll
0x000000007a070000 - 0x000000007a097000 	C:\Program Files\MATLAB\R2012a\sys\java\jre\win64\jre\bin\java.dll
0x000000007a540000 - 0x000000007a54a000 	C:\Program Files\MATLAB\R2012a\sys\java\jre\win64\jre\bin\hpi.dll

VM Arguments:
jvm_args: -Xss512k -XX:PermSize=32m -Xms64m -XX:NewRatio=3 -XX:MaxPermSize=128m -Xmx196m -XX:MaxDirectMemorySize=2147400000 -Dsun.java2d.noddraw=true -Dsun.awt.nopixfmt=true -Xshare:off -Xrs -Dsun.awt.disableMixing=true -Djava.library.path=C:\Program Files\MATLAB\R2012a\bin\win64 vfprintf abort 
java_command: <unknown>
Launcher Type: generic

Environment Variables:
PATH=C:\Program Files\Common Files\Microsoft Shared\Windows Live;C:\Program Files (x86)\Common Files\Microsoft Shared\Windows Live;C:\Windows\system32;C:\Windows;C:\Windows\System32\Wbem;C:\Windows\System32\WindowsPowerShell\v1.0\;C:\Program Files (x86)\Windows Live\Shared;C:\Program Files\MiKTeX 2.9\miktex\bin\x64\;C:\Program Files\MATLAB\R2012a\runtime\win64;C:\Program Files\MATLAB\R2012a\bin
USERNAME=Fabricio
OS=Windows_NT
PROCESSOR_IDENTIFIER=Intel64 Family 6 Model 42 Stepping 7, GenuineIntel



---------------  S Y S T E M  ---------------

OS: Windows 7 Build 7601 Service Pack 1

CPU:total 8 (8 cores per cpu, 2 threads per core) family 6 model 42 stepping 7, cmov, cx8, fxsr, mmx, sse, sse2, sse3, ssse3, sse4.1, sse4.2, ht

Memory: 4k page, physical 33537284k(22824196k free), swap 134147284k(121906124k free)

vm_info: Java HotSpot(TM) 64-Bit Server VM (14.3-b01) for windows-amd64 JRE (1.6.0_17-b04), built on Oct 11 2009 00:46:08 by "java_re" with MS VC++ 8.0

time: Mon Jul 16 23:35:30 2012
elapsed time: 291737 seconds

