#
# A fatal error has been detected by the Java Runtime Environment:
#
#  Internal Error (os_windows_x86.cpp:114), pid=22800, tid=23704
#  Error: guarantee(result == -1,"Unexpected result from topLevelExceptionFilter")
#
# JRE version: 6.0_17-b04
# Java VM: Java HotSpot(TM) 64-Bit Server VM (14.3-b01 mixed mode windows-amd64 )
# If you would like to submit a bug report, please visit:
#   http://java.sun.com/webapps/bugreport/crash.jsp
# The crash happened outside the Java Virtual Machine in native code.
# See problematic frame for where to report the bug.
#

---------------  T H R E A D  ---------------

Current thread (0x000000000fb5f000):  JavaThread "AWT-Windows" daemon [_thread_in_native, id=23704, stack(0x0000000071d00000,0x0000000071d80000)]

Stack: [0x0000000071d00000,0x0000000071d80000]
[error occurred during error reporting (printing stack bounds), id 0xc0000005]

Java frames: (J=compiled Java code, j=interpreted, Vv=VM code)
j  sun.awt.windows.WToolkit.eventLoop()V+0
j  sun.awt.windows.WToolkit.run()V+69
j  java.lang.Thread.run()V+11
v  ~StubRoutines::call_stub

---------------  P R O C E S S  ---------------

Java Threads: ( => current thread )
  0x000000000fb0c000 JavaThread "FreeableDirectByteBuffer reference reaper" daemon [_thread_blocked, id=10636, stack(0x000000001ce50000,0x000000001ced0000)]
  0x000000000fb0e800 JavaThread "Thread-4" daemon [_thread_blocked, id=23792, stack(0x00000000743e0000,0x0000000074460000)]
  0x000000000fb0b000 JavaThread "CommGroup select thread com.mathworks.toolbox.distcomp.pmode.io.CommunicationGroup@3d015a9e" daemon [_thread_in_native, id=23804, stack(0x00000000742e0000,0x0000000074360000)]
  0x000000000fb09800 JavaThread "Thread-2" daemon [_thread_blocked, id=17148, stack(0x0000000074260000,0x00000000742e0000)]
  0x000000006d55f000 JavaThread "LocalScheduler0" daemon [_thread_blocked, id=21240, stack(0x00000000730d0000,0x0000000073150000)]
=>0x000000000fb5f000 JavaThread "AWT-Windows" daemon [_thread_in_native, id=23704, stack(0x0000000071d00000,0x0000000071d80000)]
  0x000000000fa8e800 JavaThread "Java2D Disposer" daemon [_thread_blocked, id=23684, stack(0x000000006f3c0000,0x000000006f440000)]
  0x000000006daaa800 JavaThread "EventMgr Dispatcher" daemon [_thread_in_native, id=22276, stack(0x0000000008a70000,0x000000000ca70000)]
  0x0000000008795000 JavaThread "Low Memory Detector" daemon [_thread_blocked, id=23612, stack(0x00000000089d0000,0x0000000008a50000)]
  0x000000000878c800 JavaThread "CompilerThread1" daemon [_thread_blocked, id=23616, stack(0x000000007bca0000,0x000000007fca0000)]
  0x0000000008788000 JavaThread "CompilerThread0" daemon [_thread_blocked, id=23608, stack(0x0000000069250000,0x000000006d250000)]
  0x0000000008787000 JavaThread "Attach Listener" daemon [_thread_blocked, id=23592, stack(0x0000000008950000,0x00000000089d0000)]
  0x0000000008756000 JavaThread "Finalizer" daemon [_thread_blocked, id=23604, stack(0x00000000088d0000,0x0000000008950000)]
  0x0000000008755000 JavaThread "Reference Handler" daemon [_thread_blocked, id=23568, stack(0x0000000008850000,0x00000000088d0000)]
  0x0000000007c1d000 JavaThread "main" [_thread_in_native, id=3784, stack(0x0000000000290000,0x0000000004290000)]

Other Threads:
  0x0000000008751800 VMThread [stack: 0x0000000065250000,0x0000000069250000] [id=23588]
  0x00000000087c1800 WatcherThread [stack: 0x000000007fff0000,0x0000000083ff0000] [id=23600]

VM state:not at safepoint (normal execution)

VM Mutex/Monitor currently owned by a thread: None

Heap
 PSYoungGen      total 10752K, used 10185K [0x0000000042150000, 0x0000000043260000, 0x0000000045250000)
  eden space 10560K, 94% used [0x0000000042150000,0x0000000042b1a750,0x0000000042ba0000)
  from space 192K, 83% used [0x0000000042bd0000,0x0000000042bf8000,0x0000000042c00000)
  to   space 3456K, 0% used [0x0000000042f00000,0x0000000042f00000,0x0000000043260000)
 PSOldGen        total 49152K, used 2917K [0x0000000038e50000, 0x000000003be50000, 0x0000000042150000)
  object space 49152K, 5% used [0x0000000038e50000,0x0000000039129530,0x000000003be50000)
 PSPermGen       total 32768K, used 13777K [0x0000000030e50000, 0x0000000032e50000, 0x0000000038e50000)
  object space 32768K, 42% used [0x0000000030e50000,0x0000000031bc4668,0x0000000032e50000)

Dynamic libraries:
0x000007f668150000 - 0x000007f66817d000 	C:\Program Files\MATLAB\R2012b\bin\win64\MATLAB.exe
0x000007f820ef0000 - 0x000007f8210ae000 	C:\Windows\SYSTEM32\ntdll.dll
0x000007f81ff00000 - 0x000007f820036000 	C:\Windows\system32\KERNEL32.DLL
0x000007f81e120000 - 0x000007f81e213000 	C:\Windows\system32\KERNELBASE.dll
0x0000000074460000 - 0x000000007451f000 	C:\Program Files\MATLAB\R2012b\bin\win64\libut.dll
0x0000000180000000 - 0x00000001802dc000 	C:\Program Files\MATLAB\R2012b\bin\win64\libmwservices.dll
0x0000000074970000 - 0x0000000074a31000 	C:\Program Files\MATLAB\R2012b\bin\win64\mcr.dll
0x00000000723a0000 - 0x0000000072473000 	C:\Windows\WinSxS\amd64_microsoft.vc90.crt_1fc8b3b9a1e18e3b_9.0.30729.6871_none_08e717a5a83adddf\MSVCP90.dll
0x00000000724d0000 - 0x0000000072573000 	C:\Windows\WinSxS\amd64_microsoft.vc90.crt_1fc8b3b9a1e18e3b_9.0.30729.6871_none_08e717a5a83adddf\MSVCR90.dll
0x00000000758a0000 - 0x000000007595c000 	C:\Program Files\MATLAB\R2012b\bin\win64\libmwi18n.dll
0x0000000073f70000 - 0x000000007411d000 	C:\Program Files\MATLAB\R2012b\bin\win64\libmwfl.dll
0x000000007a3b0000 - 0x000000007a3c0000 	C:\Program Files\MATLAB\R2012b\bin\win64\boost_date_time-vc90-mt-1_44.dll
0x000000007a560000 - 0x000000007a569000 	C:\Program Files\MATLAB\R2012b\bin\win64\boost_system-vc90-mt-1_44.dll
0x000000007a2d0000 - 0x000000007a2e2000 	C:\Program Files\MATLAB\R2012b\bin\win64\boost_thread-vc90-mt-1_44.dll
0x00000000044b0000 - 0x000000000456d000 	C:\Program Files\MATLAB\R2012b\bin\win64\boost_log-vc90-mt-1_44.dll
0x0000000071710000 - 0x0000000071881000 	C:\Program Files\MATLAB\R2012b\bin\win64\icuuc44.dll
0x0000000071e20000 - 0x0000000071e33000 	C:\Program Files\MATLAB\R2012b\bin\win64\icuio44.dll
0x0000000004570000 - 0x00000000045b6000 	C:\Program Files\MATLAB\R2012b\bin\win64\tbb.dll
0x000007f81e360000 - 0x000007f81e367000 	C:\Windows\system32\PSAPI.DLL
0x000007f8130b0000 - 0x000007f813213000 	C:\Windows\SYSTEM32\dbghelp.dll
0x000007f820a30000 - 0x000007f820b0e000 	C:\Windows\system32\ADVAPI32.dll
0x000007f820160000 - 0x000007f8202ac000 	C:\Windows\system32\USER32.dll
0x0000000075a20000 - 0x0000000075af3000 	C:\Program Files\MATLAB\R2012b\bin\win64\libmx.dll
0x00000000045d0000 - 0x000000000461d000 	C:\Program Files\MATLAB\R2012b\bin\win64\libmwregexp.dll
0x0000000004620000 - 0x0000000004643000 	C:\Program Files\MATLAB\R2012b\bin\win64\libmwmfl_scalar.dll
0x0000000075f10000 - 0x0000000075f60000 	C:\Program Files\MATLAB\R2012b\bin\win64\mpath.dll
0x000000007b680000 - 0x000000007bc9a000 	C:\Program Files\MATLAB\R2012b\bin\win64\mlutil.dll
0x0000000004650000 - 0x0000000004a06000 	C:\Program Files\MATLAB\R2012b\bin\win64\libmwMATLAB_res.dll
0x0000000004a10000 - 0x0000000004a30000 	C:\Program Files\MATLAB\R2012b\bin\win64\libmwMATLAB_settings_res.dll
0x000000007a170000 - 0x000000007a19c000 	C:\Program Files\MATLAB\R2012b\bin\win64\boost_filesystem-vc90-mt-1_44.dll
0x0000000004a30000 - 0x0000000004a77000 	C:\Program Files\MATLAB\R2012b\bin\win64\boost_serialization-vc90-mt-1_44.dll
0x000007f81e250000 - 0x000007f81e2f4000 	C:\Windows\WinSxS\amd64_microsoft.windows.common-controls_6595b64144ccf1df_5.82.9200.16384_none_7762d5fd3178b04e\COMCTL32.dll
0x000007f81f7c0000 - 0x000007f81f861000 	C:\Windows\system32\COMDLG32.dll
0x000007f81c750000 - 0x000007f81c765000 	C:\Windows\SYSTEM32\NETAPI32.dll
0x000007f81e470000 - 0x000007f81e4c8000 	C:\Windows\system32\WS2_32.dll
0x0000000004a80000 - 0x0000000004cd3000 	C:\Program Files\MATLAB\R2012b\bin\win64\xerces-c_2_7.dll
0x000007f81e4d0000 - 0x000007f81f7b8000 	C:\Windows\system32\SHELL32.dll
0x000007f81fb80000 - 0x000007f81fcfe000 	C:\Windows\system32\ole32.dll
0x000007f820040000 - 0x000007f820103000 	C:\Windows\system32\OLEAUT32.dll
0x0000000075000000 - 0x00000000753e9000 	C:\Program Files\MATLAB\R2012b\bin\win64\iqm.dll
0x0000000079fb0000 - 0x0000000079fe6000 	C:\Program Files\MATLAB\R2012b\bin\win64\libmwbridge.dll
0x0000000071df0000 - 0x0000000071e17000 	C:\Program Files\MATLAB\R2012b\bin\win64\libmex.dll
0x0000000074e80000 - 0x0000000074f38000 	C:\Program Files\MATLAB\R2012b\bin\win64\m_dispatcher.dll
0x000007f804870000 - 0x000007f804b06000 	C:\Program Files\MATLAB\R2012b\bin\win64\mcos.dll
0x00000000715b0000 - 0x0000000071702000 	C:\Program Files\MATLAB\R2012b\bin\win64\libmwgui.dll
0x0000000070b50000 - 0x00000000715af000 	C:\Program Files\MATLAB\R2012b\bin\win64\hg.dll
0x0000000070a30000 - 0x0000000070b4f000 	C:\Program Files\MATLAB\R2012b\bin\win64\hgutils.dll
0x000007f803ff0000 - 0x000007f804861000 	C:\Program Files\MATLAB\R2012b\bin\win64\m_interpreter.dll
0x0000000075710000 - 0x00000000757de000 	C:\Program Files\MATLAB\R2012b\bin\win64\jmi.dll
0x0000000070970000 - 0x0000000070a30000 	C:\Program Files\MATLAB\R2012b\bin\win64\udd_mi.dll
0x0000000004cf0000 - 0x0000000004fc1000 	C:\Program Files\MATLAB\R2012b\bin\win64\uiw.dll
0x0000000071dc0000 - 0x0000000071de2000 	C:\Program Files\MATLAB\R2012b\bin\win64\mwoles05.DLL
0x00000000708f0000 - 0x000000007096d000 	C:\Program Files\MATLAB\R2012b\bin\win64\comcli.dll
0x0000000071db0000 - 0x0000000071dbc000 	C:\Program Files\MATLAB\R2012b\bin\win64\mlautoregister.dll
0x0000000004fd0000 - 0x0000000004fe0000 	C:\Program Files\MATLAB\R2012b\bin\win64\boost_iostreams-vc90-mt-1_44.dll
0x000007f81f870000 - 0x000007f81f9b0000 	C:\Windows\system32\GDI32.dll
0x0000000004ff0000 - 0x0000000004ffb000 	C:\Program Files\MATLAB\R2012b\bin\win64\libmwresource_core.dll
0x000000007a010000 - 0x000000007a035000 	C:\Program Files\MATLAB\R2012b\bin\win64\LIBEXPAT.dll
0x00000000706f0000 - 0x00000000708e1000 	C:\Program Files\MATLAB\R2012b\bin\win64\icuin44.dll
0x000000007a250000 - 0x000000007a263000 	C:\Program Files\MATLAB\R2012b\bin\win64\boost_signals-vc90-mt-1_44.dll
0x000007f81fee0000 - 0x000007f81fef4000 	C:\Windows\system32\imagehlp.dll
0x0000000010000000 - 0x0000000010e41000 	C:\Program Files\MATLAB\R2012b\bin\win64\icudt44.dll
0x000007f81e3c0000 - 0x000007f81e465000 	C:\Windows\system32\msvcrt.dll
0x000007f81e370000 - 0x000007f81e3b8000 	C:\Windows\SYSTEM32\sechost.dll
0x000007f820450000 - 0x000007f820590000 	C:\Windows\system32\RPCRT4.dll
0x0000000005090000 - 0x00000000050b9000 	C:\Program Files\MATLAB\R2012b\bin\win64\tbbmalloc.dll
0x000000007a210000 - 0x000000007a228000 	C:\Program Files\MATLAB\R2012b\bin\win64\zlib1.dll
0x00000000754d0000 - 0x0000000075551000 	C:\Program Files\MATLAB\R2012b\bin\win64\xmlcore.dll
0x000007f820110000 - 0x000007f820160000 	C:\Windows\system32\SHLWAPI.dll
0x000007f81d100000 - 0x000007f81d10e000 	C:\Windows\SYSTEM32\netutils.dll
0x000007f81d9e0000 - 0x000007f81da04000 	C:\Windows\SYSTEM32\srvcli.dll
0x000007f81c710000 - 0x000007f81c725000 	C:\Windows\SYSTEM32\wkscli.dll
0x000007f81fd00000 - 0x000007f81fd09000 	C:\Windows\system32\NSI.dll
0x000007f820d40000 - 0x000007f820ef0000 	C:\Windows\SYSTEM32\combase.dll
0x0000000070620000 - 0x00000000706e8000 	C:\Program Files\MATLAB\R2012b\bin\win64\udd.dll
0x0000000074880000 - 0x000000007496d000 	C:\Program Files\MATLAB\R2012b\bin\win64\boost_regex-vc90-mt-1_44.dll
0x0000000070600000 - 0x0000000070617000 	C:\Program Files\MATLAB\R2012b\bin\win64\graphics_util.dll
0x0000000076100000 - 0x0000000076168000 	C:\Program Files\MATLAB\R2012b\bin\win64\libmat.dll
0x00000000705b0000 - 0x00000000705f6000 	C:\Program Files\MATLAB\R2012b\bin\win64\libmwhardcopy.dll
0x0000000070540000 - 0x00000000705a3000 	C:\Program Files\MATLAB\R2012b\bin\win64\libuij.dll
0x00000000702d0000 - 0x0000000070534000 	C:\Program Files\MATLAB\R2012b\bin\win64\hgdatatypes.dll
0x00000000051c0000 - 0x0000000005245000 	C:\Program Files\MATLAB\R2012b\bin\win64\libmwlapack.dll
0x0000000005250000 - 0x000000000528b000 	C:\Program Files\MATLAB\R2012b\bin\win64\libmwgbtutils.dll
0x0000000005290000 - 0x00000000052ab000 	C:\Program Files\MATLAB\R2012b\bin\win64\libmwgbt.dll
0x000000006fde0000 - 0x00000000702c4000 	C:\Windows\WinSxS\amd64_microsoft.vc90.mfc_1fc8b3b9a1e18e3b_9.0.30729.6161_none_044aad0bab1eb146\mfc90.dll
0x000007f81a910000 - 0x000007f81a98d000 	C:\Windows\SYSTEM32\WINSPOOL.DRV
0x000000006fd50000 - 0x000000006fdd4000 	C:\Program Files\MATLAB\R2012b\bin\win64\profiler.dll
0x00000000052d0000 - 0x000000000553a000 	C:\Program Files\MATLAB\R2012b\bin\win64\libmwmathutil.dll
0x0000000079f40000 - 0x0000000079f6e000 	C:\Program Files\MATLAB\R2012b\bin\win64\libmwmathrng.dll
0x000000006fd20000 - 0x000000006fd41000 	C:\Program Files\MATLAB\R2012b\bin\win64\m_pcodeio.dll
0x0000000079b10000 - 0x0000000079b77000 	C:\Program Files\MATLAB\R2012b\bin\win64\m_ir.dll
0x000000006f6b0000 - 0x000000006fd20000 	C:\Program Files\MATLAB\R2012b\bin\win64\m_parser.dll
0x000000006f670000 - 0x000000006f6a1000 	C:\Program Files\MATLAB\R2012b\bin\win64\m_pcodegen.dll
0x0000000005540000 - 0x00000000055aa000 	C:\Program Files\MATLAB\R2012b\bin\win64\libmwspmatrix.dll
0x00000000055c0000 - 0x00000000055cd000 	C:\Program Files\MATLAB\R2012b\bin\win64\nativejava_services.dll
0x000000006f660000 - 0x000000006f66f000 	C:\Program Files\MATLAB\R2012b\bin\win64\uinone.dll
0x00000000055f0000 - 0x0000000005619000 	C:\Program Files\MATLAB\R2012b\bin\win64\libmwnativefiledialogs.dll
0x000007f8142f0000 - 0x000007f814307000 	C:\Windows\SYSTEM32\MPR.dll
0x0000000072070000 - 0x000000007209f000 	C:\Windows\WinSxS\amd64_microsoft.vc90.atl_1fc8b3b9a1e18e3b_9.0.30729.6161_none_0a1fd3a3a768b895\ATL90.DLL
0x0000000072d30000 - 0x0000000072f44000 	C:\Program Files\MATLAB\R2012b\bin\win64\hdf5dll.dll
0x000000007a310000 - 0x000000007a321000 	C:\Program Files\MATLAB\R2012b\bin\win64\libmwbinder.dll
0x000000007a4d0000 - 0x000000007a4dc000 	C:\Program Files\MATLAB\R2012b\bin\win64\libmwompwrapper.dll
0x000007f81ad40000 - 0x000007f81ad47000 	C:\Windows\SYSTEM32\MSIMG32.dll
0x00000000057a0000 - 0x00000000057b2000 	C:\Program Files\MATLAB\R2012b\bin\win64\libmwmfl_rng.dll
0x0000000074c10000 - 0x0000000074cee000 	C:\Program Files\MATLAB\R2012b\bin\win64\libmwmathcore.dll
0x000000006f640000 - 0x000000006f65a000 	C:\Program Files\MATLAB\R2012b\bin\win64\ir_xfmr.dll
0x000000006f620000 - 0x000000006f631000 	C:\Program Files\MATLAB\R2012b\bin\win64\mtok.dll
0x0000000005840000 - 0x0000000005848000 	C:\Program Files\MATLAB\R2012b\bin\win64\libmwplatform_res.dll
0x000007f81cfb0000 - 0x000007f81d046000 	C:\Windows\SYSTEM32\SHCORE.DLL
0x0000000075ea0000 - 0x0000000075f02000 	C:\Program Files\MATLAB\R2012b\bin\win64\libmwcholmod.dll
0x000000007a460000 - 0x000000007a46d000 	C:\Program Files\MATLAB\R2012b\bin\win64\libmwamd.dll
0x000000007a4b0000 - 0x000000007a4bc000 	C:\Program Files\MATLAB\R2012b\bin\win64\libmwcolamd.dll
0x000000007a290000 - 0x000000007a2a9000 	C:\Program Files\MATLAB\R2012b\bin\win64\libmwblas.dll
0x000007f8202b0000 - 0x000007f8202e9000 	C:\Windows\system32\IMM32.DLL
0x000007f81fd10000 - 0x000007f81fe25000 	C:\Windows\system32\MSCTF.dll
0x000007f81cbe0000 - 0x000007f81ccc3000 	C:\Windows\system32\UxTheme.dll
0x000007f81b660000 - 0x000007f81b681000 	C:\Windows\system32\dwmapi.dll
0x0000000078870000 - 0x0000000078ecd000 	C:\Program Files\MATLAB\R2012b\sys\java\jre\win64\jre\bin\server\jvm.dll
0x000007f81ad50000 - 0x000007f81ad70000 	C:\Windows\SYSTEM32\WINMM.dll
0x000007f81ad00000 - 0x000007f81ad32000 	C:\Windows\SYSTEM32\WINMMBASE.dll
0x000007f81de20000 - 0x000007f81de35000 	C:\Windows\SYSTEM32\profapi.dll
0x000007f813450000 - 0x000007f813464000 	C:\Windows\system32\napinsp.dll
0x000007f813430000 - 0x000007f813448000 	C:\Windows\system32\pnrpnsp.dll
0x000007f81c7e0000 - 0x000007f81c7f6000 	C:\Windows\system32\NLAapi.dll
0x000007f81d670000 - 0x000007f81d6cc000 	C:\Windows\System32\mswsock.dll
0x000007f81d4b0000 - 0x000007f81d548000 	C:\Windows\SYSTEM32\DNSAPI.dll
0x000007f813410000 - 0x000007f813422000 	C:\Windows\System32\winrnr.dll
0x000007f8133f0000 - 0x000007f813404000 	C:\Windows\system32\wshbth.dll

VM Arguments:
jvm_args: -Xss512k -XX:PermSize=32m -Xms64m -XX:NewRatio=3 -XX:MaxPermSize=128m -Xmx196m -XX:MaxDirectMemorySize=2147400000 -Dsun.java2d.noddraw=true -Dsun.awt.nopixfmt=true -Xshare:off -Xrs -Dsun.awt.disableMixing=true -Djava.library.path=C:\Program Files\MATLAB\R2012b\bin\win64;C:\Program Files\MATLAB\R2012b\sys\jxbrowser\win64\lib vfprintf abort -Djava.awt.headless=true -Xrs 
java_command: <unknown>
Launcher Type: generic

Environment Variables:
PATH=C:\Program Files (x86)\NVIDIA Corporation\PhysX\Common;C:\Program Files (x86)\Intel\iCLS Client\;C:\Program Files\Intel\iCLS Client\;C:\Windows\system32;C:\Windows;C:\Windows\System32\Wbem;C:\Windows\System32\WindowsPowerShell\v1.0\;C:\Program Files (x86)\Intel\OpenCL SDK\2.0\bin\x86;C:\Program Files (x86)\Intel\OpenCL SDK\2.0\bin\x64;C:\Program Files\Intel\Intel(R) Management Engine Components\DAL;C:\Program Files\Intel\Intel(R) Management Engine Components\IPT;C:\Program Files (x86)\Intel\Intel(R) Management Engine Components\DAL;C:\Program Files (x86)\Intel\Intel(R) Management Engine Components\IPT;C:\Program Files (x86)\Windows Live\Shared;C:\Program Files\MATLAB\R2012b\runtime\win64;C:\Program Files\MATLAB\R2012b\bin
USERNAME=Fabricio
OS=Windows_NT
PROCESSOR_IDENTIFIER=Intel64 Family 6 Model 58 Stepping 9, GenuineIntel



---------------  S Y S T E M  ---------------

OS: Windows NT 6.2 Build 9200 

CPU:total 8 (8 cores per cpu, 2 threads per core) family 6 model 58 stepping 9, cmov, cx8, fxsr, mmx, sse, sse2, sse3, ssse3, sse4.1, sse4.2, ht

Memory: 4k page, physical 33438052k(26685992k free), swap 66992484k(53560084k free)

vm_info: Java HotSpot(TM) 64-Bit Server VM (14.3-b01) for windows-amd64 JRE (1.6.0_17-b04), built on Oct 11 2009 00:46:08 by "java_re" with MS VC++ 8.0

time: Wed Jan 09 16:05:06 2013
elapsed time: 54273 seconds

